[27-May-2023 00:15:32 UTC] PHP Warning:  Undefined array key 1 in C:\MAMP\htdocs\AI_BOT\test.php on line 39
[27-May-2023 00:15:32 UTC] PHP Warning:  Undefined variable $generatedText in C:\MAMP\htdocs\AI_BOT\test.php on line 230
[27-May-2023 00:15:32 UTC] PHP Warning:  Undefined variable $generatedText in C:\MAMP\htdocs\AI_BOT\test.php on line 232
[27-May-2023 00:15:59 UTC] PHP Warning:  Undefined array key 1 in C:\MAMP\htdocs\AI_BOT\test.php on line 39
[27-May-2023 00:16:25 UTC] PHP Warning:  Undefined array key 1 in C:\MAMP\htdocs\AI_BOT\test.php on line 39
[27-May-2023 00:16:25 UTC] PHP Warning:  Undefined variable $generatedText in C:\MAMP\htdocs\AI_BOT\test.php on line 230
[27-May-2023 00:16:25 UTC] PHP Warning:  Undefined variable $generatedText in C:\MAMP\htdocs\AI_BOT\test.php on line 232
[27-May-2023 00:17:17 UTC] PHP Warning:  Undefined array key 1 in C:\MAMP\htdocs\AI_BOT\test.php on line 39
[27-May-2023 00:18:11 UTC] PHP Warning:  Undefined array key 1 in C:\MAMP\htdocs\AI_BOT\test.php on line 39
[27-May-2023 00:19:16 UTC] PHP Warning:  Undefined array key 1 in C:\MAMP\htdocs\AI_BOT\test.php on line 39
[27-May-2023 00:19:16 UTC] PHP Warning:  Undefined variable $generatedText in C:\MAMP\htdocs\AI_BOT\test.php on line 225
[27-May-2023 00:19:16 UTC] PHP Warning:  Undefined variable $generatedText in C:\MAMP\htdocs\AI_BOT\test.php on line 227
[27-May-2023 00:19:40 UTC] PHP Warning:  Undefined array key 1 in C:\MAMP\htdocs\AI_BOT\test.php on line 39
[27-May-2023 00:25:21 UTC] PHP Warning:  Undefined array key 1 in C:\MAMP\htdocs\AI_BOT\test.php on line 39
[27-May-2023 00:25:21 UTC] PHP Warning:  Undefined variable $generatedText in C:\MAMP\htdocs\AI_BOT\test.php on line 229
[27-May-2023 00:25:21 UTC] PHP Warning:  Undefined variable $generatedText in C:\MAMP\htdocs\AI_BOT\test.php on line 231
[27-May-2023 00:25:47 UTC] PHP Warning:  Undefined array key 1 in C:\MAMP\htdocs\AI_BOT\test.php on line 39
[27-May-2023 00:26:48 UTC] PHP Warning:  Undefined array key 1 in C:\MAMP\htdocs\AI_BOT\test.php on line 39
[27-May-2023 00:26:48 UTC] PHP Warning:  Undefined variable $generatedText in C:\MAMP\htdocs\AI_BOT\test.php on line 229
[27-May-2023 00:26:48 UTC] PHP Warning:  Undefined variable $generatedText in C:\MAMP\htdocs\AI_BOT\test.php on line 231
[27-May-2023 00:28:17 UTC] PHP Warning:  Undefined array key 1 in C:\MAMP\htdocs\AI_BOT\test.php on line 39
[27-May-2023 00:32:03 UTC] PHP Warning:  Undefined array key 1 in C:\MAMP\htdocs\AI_BOT\test.php on line 39
[27-May-2023 00:32:58 UTC] PHP Warning:  Undefined array key 1 in C:\MAMP\htdocs\AI_BOT\test.php on line 39
[27-May-2023 00:33:37 UTC] PHP Warning:  Undefined array key 1 in C:\MAMP\htdocs\AI_BOT\test.php on line 39
[27-May-2023 00:34:07 UTC] PHP Warning:  Undefined array key 1 in C:\MAMP\htdocs\AI_BOT\test.php on line 39
[27-May-2023 00:34:30 UTC] PHP Warning:  Undefined array key 1 in C:\MAMP\htdocs\AI_BOT\test.php on line 39
[27-May-2023 00:35:16 UTC] PHP Warning:  Undefined array key 1 in C:\MAMP\htdocs\AI_BOT\test.php on line 39
[27-May-2023 00:35:38 UTC] PHP Warning:  Undefined array key 1 in C:\MAMP\htdocs\AI_BOT\test.php on line 39
[27-May-2023 00:35:50 UTC] PHP Warning:  Undefined array key 1 in C:\MAMP\htdocs\AI_BOT\test.php on line 39
[27-May-2023 00:35:59 UTC] PHP Warning:  Undefined array key 1 in C:\MAMP\htdocs\AI_BOT\test.php on line 39
[27-May-2023 00:35:59 UTC] Error: Request Limit exceeded. Please try again later.
[27-May-2023 00:39:00 UTC] PHP Warning:  Undefined array key 1 in C:\MAMP\htdocs\AI_BOT\test.php on line 39
[27-May-2023 00:39:00 UTC] Error: Request Limit exceeded. Please try again later.
[27-May-2023 00:39:04 UTC] PHP Warning:  Undefined array key 1 in C:\MAMP\htdocs\AI_BOT\test.php on line 39
[27-May-2023 00:39:04 UTC] PHP Warning:  Undefined variable $generatedText in C:\MAMP\htdocs\AI_BOT\test.php on line 229
[27-May-2023 00:39:04 UTC] PHP Warning:  Undefined variable $generatedText in C:\MAMP\htdocs\AI_BOT\test.php on line 231
[27-May-2023 00:39:10 UTC] PHP Warning:  Undefined array key 1 in C:\MAMP\htdocs\AI_BOT\test.php on line 39
[27-May-2023 00:39:10 UTC] Error: Request Limit exceeded. Please try again later.
[27-May-2023 00:39:25 UTC] PHP Warning:  Undefined array key 1 in C:\MAMP\htdocs\AI_BOT\test.php on line 39
[27-May-2023 00:39:25 UTC] PHP Warning:  Undefined variable $generatedText in C:\MAMP\htdocs\AI_BOT\test.php on line 229
[27-May-2023 00:39:25 UTC] PHP Warning:  Undefined variable $generatedText in C:\MAMP\htdocs\AI_BOT\test.php on line 231
[27-May-2023 00:39:32 UTC] PHP Warning:  Undefined array key 1 in C:\MAMP\htdocs\AI_BOT\test.php on line 39
[27-May-2023 00:40:04 UTC] PHP Warning:  Undefined array key 1 in C:\MAMP\htdocs\AI_BOT\test.php on line 39
[27-May-2023 00:43:16 UTC] PHP Warning:  Undefined array key 1 in C:\MAMP\htdocs\AI_BOT\test.php on line 39
[27-May-2023 00:43:16 UTC] PHP Warning:  Undefined variable $generatedText in C:\MAMP\htdocs\AI_BOT\test.php on line 233
[27-May-2023 00:43:16 UTC] PHP Warning:  Undefined variable $generatedText in C:\MAMP\htdocs\AI_BOT\test.php on line 235
[27-May-2023 00:43:34 UTC] PHP Warning:  Undefined array key 1 in C:\MAMP\htdocs\AI_BOT\test.php on line 39
[27-May-2023 00:43:34 UTC] Error: Special scripting: hackers are attacking!!!!!!!!!!!!!!!!
[27-May-2023 00:44:05 UTC] PHP Warning:  Undefined array key 1 in C:\MAMP\htdocs\AI_BOT\test.php on line 39
[27-May-2023 00:44:05 UTC] PHP Warning:  Undefined variable $generatedText in C:\MAMP\htdocs\AI_BOT\test.php on line 234
[27-May-2023 00:44:05 UTC] PHP Warning:  Undefined variable $generatedText in C:\MAMP\htdocs\AI_BOT\test.php on line 236
[27-May-2023 00:44:05 UTC] PHP Warning:  Undefined array key 1 in C:\MAMP\htdocs\AI_BOT\test.php on line 39
[27-May-2023 00:44:05 UTC] PHP Warning:  Undefined variable $generatedText in C:\MAMP\htdocs\AI_BOT\test.php on line 234
[27-May-2023 00:44:05 UTC] PHP Warning:  Undefined variable $generatedText in C:\MAMP\htdocs\AI_BOT\test.php on line 236
[27-May-2023 00:44:10 UTC] PHP Warning:  Undefined array key 1 in C:\MAMP\htdocs\AI_BOT\test.php on line 39
[27-May-2023 00:44:10 UTC] Error: Special scripting: hackers are attacking!!!!!!!!!!!!!!!!
[27-May-2023 00:45:33 UTC] PHP Warning:  Undefined array key 1 in C:\MAMP\htdocs\AI_BOT\test.php on line 39
[27-May-2023 00:45:33 UTC] Error: Special scripting: hackers are attacking!!!!!!!!!!!!!!!!
[27-May-2023 00:45:36 UTC] PHP Warning:  Undefined array key 1 in C:\MAMP\htdocs\AI_BOT\test.php on line 39
[27-May-2023 00:45:36 UTC] PHP Warning:  Undefined variable $generatedText in C:\MAMP\htdocs\AI_BOT\test.php on line 234
[27-May-2023 00:45:36 UTC] PHP Warning:  Undefined variable $generatedText in C:\MAMP\htdocs\AI_BOT\test.php on line 236
[27-May-2023 00:45:37 UTC] PHP Warning:  Undefined array key 1 in C:\MAMP\htdocs\AI_BOT\test.php on line 39
[27-May-2023 00:45:37 UTC] Error: Special scripting: hackers are attacking!!!!!!!!!!!!!!!!
[27-May-2023 00:46:54 UTC] PHP Warning:  Undefined array key 1 in C:\MAMP\htdocs\AI_BOT\test.php on line 39
[27-May-2023 00:46:54 UTC] Error: Special scripting: hackers are attacking!!!!!!!!!!!!!!!!
[27-May-2023 00:47:09 UTC] PHP Warning:  Undefined array key 1 in C:\MAMP\htdocs\AI_BOT\test.php on line 39
[27-May-2023 00:47:09 UTC] PHP Warning:  Undefined variable $generatedText in C:\MAMP\htdocs\AI_BOT\test.php on line 235
[27-May-2023 00:47:09 UTC] PHP Warning:  Undefined variable $generatedText in C:\MAMP\htdocs\AI_BOT\test.php on line 237
[27-May-2023 00:47:12 UTC] PHP Warning:  Undefined array key 1 in C:\MAMP\htdocs\AI_BOT\test.php on line 39
[27-May-2023 00:47:12 UTC] Error: Special scripting: hackers are attacking!!!!!!!!!!!!!!!!
[27-May-2023 00:48:12 UTC] PHP Warning:  Undefined array key 1 in C:\MAMP\htdocs\AI_BOT\test.php on line 39
[27-May-2023 00:48:12 UTC] PHP Warning:  Undefined variable $generatedText in C:\MAMP\htdocs\AI_BOT\test.php on line 235
[27-May-2023 00:48:12 UTC] PHP Warning:  Undefined variable $generatedText in C:\MAMP\htdocs\AI_BOT\test.php on line 237
[27-May-2023 00:48:14 UTC] PHP Warning:  Undefined array key 1 in C:\MAMP\htdocs\AI_BOT\test.php on line 39
[27-May-2023 00:48:14 UTC] Error: Special scripting: hackers are attacking!!!!!!!!!!!!!!!!
[27-May-2023 00:48:47 UTC] PHP Warning:  Undefined array key 1 in C:\MAMP\htdocs\AI_BOT\test.php on line 39
[27-May-2023 00:48:47 UTC] PHP Warning:  Undefined variable $generatedText in C:\MAMP\htdocs\AI_BOT\test.php on line 235
[27-May-2023 00:48:47 UTC] PHP Warning:  Undefined variable $generatedText in C:\MAMP\htdocs\AI_BOT\test.php on line 237
[29-May-2023 13:29:06 UTC] PHP Warning:  Undefined array key 1 in C:\MAMP\htdocs\AI_BOT\test.php on line 39
[29-May-2023 13:29:06 UTC] PHP Warning:  Undefined variable $generatedText in C:\MAMP\htdocs\AI_BOT\test.php on line 293
[29-May-2023 13:29:06 UTC] PHP Warning:  Undefined variable $generatedText in C:\MAMP\htdocs\AI_BOT\test.php on line 295
[29-May-2023 13:29:51 UTC] PHP Warning:  Undefined array key 1 in C:\MAMP\htdocs\AI_BOT\test.php on line 39
[29-May-2023 13:29:51 UTC] PHP Warning:  Undefined variable $generatedText in C:\MAMP\htdocs\AI_BOT\test.php on line 293
[29-May-2023 13:29:51 UTC] PHP Warning:  Undefined variable $generatedText in C:\MAMP\htdocs\AI_BOT\test.php on line 295
[29-May-2023 13:31:43 UTC] PHP Warning:  Undefined array key 1 in C:\MAMP\htdocs\AI_BOT\test.php on line 39
[29-May-2023 13:31:43 UTC] PHP Warning:  Undefined variable $generatedText in C:\MAMP\htdocs\AI_BOT\test.php on line 293
[29-May-2023 13:31:43 UTC] PHP Warning:  Undefined variable $generatedText in C:\MAMP\htdocs\AI_BOT\test.php on line 295
[29-May-2023 13:32:07 UTC] PHP Warning:  Undefined array key 1 in C:\MAMP\htdocs\AI_BOT\test.php on line 39
[29-May-2023 13:32:07 UTC] PHP Warning:  Undefined variable $generatedText in C:\MAMP\htdocs\AI_BOT\test.php on line 293
[29-May-2023 13:32:07 UTC] PHP Warning:  Undefined variable $generatedText in C:\MAMP\htdocs\AI_BOT\test.php on line 295
[29-May-2023 13:32:28 UTC] PHP Warning:  Undefined array key 1 in C:\MAMP\htdocs\AI_BOT\test.php on line 39
[29-May-2023 13:32:28 UTC] PHP Warning:  Undefined variable $generatedText in C:\MAMP\htdocs\AI_BOT\test.php on line 293
[29-May-2023 13:32:28 UTC] PHP Warning:  Undefined variable $generatedText in C:\MAMP\htdocs\AI_BOT\test.php on line 295
[29-May-2023 13:32:46 UTC] PHP Warning:  Undefined array key 1 in C:\MAMP\htdocs\AI_BOT\test.php on line 39
[29-May-2023 13:32:46 UTC] PHP Warning:  Undefined variable $generatedText in C:\MAMP\htdocs\AI_BOT\test.php on line 293
[29-May-2023 13:32:46 UTC] PHP Warning:  Undefined variable $generatedText in C:\MAMP\htdocs\AI_BOT\test.php on line 295
[29-May-2023 13:34:15 UTC] PHP Warning:  Undefined array key 1 in C:\MAMP\htdocs\AI_BOT\test.php on line 39
[29-May-2023 13:34:15 UTC] PHP Warning:  Undefined variable $generatedText in C:\MAMP\htdocs\AI_BOT\test.php on line 293
[29-May-2023 13:34:15 UTC] PHP Warning:  Undefined variable $generatedText in C:\MAMP\htdocs\AI_BOT\test.php on line 295
[29-May-2023 13:34:33 UTC] PHP Warning:  Undefined array key 1 in C:\MAMP\htdocs\AI_BOT\test.php on line 39
[29-May-2023 13:34:33 UTC] PHP Warning:  Undefined variable $generatedText in C:\MAMP\htdocs\AI_BOT\test.php on line 293
[29-May-2023 13:34:33 UTC] PHP Warning:  Undefined variable $generatedText in C:\MAMP\htdocs\AI_BOT\test.php on line 295
[29-May-2023 13:35:12 UTC] PHP Warning:  Undefined array key 1 in C:\MAMP\htdocs\AI_BOT\test.php on line 39
[29-May-2023 13:35:12 UTC] PHP Warning:  Undefined variable $generatedText in C:\MAMP\htdocs\AI_BOT\test.php on line 294
[29-May-2023 13:35:12 UTC] PHP Warning:  Undefined variable $generatedText in C:\MAMP\htdocs\AI_BOT\test.php on line 296
[29-May-2023 13:35:22 UTC] PHP Warning:  Undefined array key 1 in C:\MAMP\htdocs\AI_BOT\test.php on line 39
[29-May-2023 13:35:22 UTC] PHP Warning:  Undefined variable $generatedText in C:\MAMP\htdocs\AI_BOT\test.php on line 294
[29-May-2023 13:35:22 UTC] PHP Warning:  Undefined variable $generatedText in C:\MAMP\htdocs\AI_BOT\test.php on line 296
[29-May-2023 13:35:50 UTC] PHP Warning:  Undefined array key 1 in C:\MAMP\htdocs\AI_BOT\test.php on line 39
[29-May-2023 13:35:50 UTC] PHP Warning:  Undefined variable $generatedText in C:\MAMP\htdocs\AI_BOT\test.php on line 294
[29-May-2023 13:35:50 UTC] PHP Warning:  Undefined variable $generatedText in C:\MAMP\htdocs\AI_BOT\test.php on line 296
[29-May-2023 13:35:55 UTC] PHP Warning:  Undefined array key 1 in C:\MAMP\htdocs\AI_BOT\test.php on line 39
[29-May-2023 13:35:55 UTC] PHP Warning:  Undefined variable $generatedText in C:\MAMP\htdocs\AI_BOT\test.php on line 294
[29-May-2023 13:35:55 UTC] PHP Warning:  Undefined variable $generatedText in C:\MAMP\htdocs\AI_BOT\test.php on line 296
[29-May-2023 13:35:59 UTC] PHP Warning:  Undefined array key 1 in C:\MAMP\htdocs\AI_BOT\test.php on line 39
[29-May-2023 13:35:59 UTC] PHP Warning:  Undefined variable $generatedText in C:\MAMP\htdocs\AI_BOT\test.php on line 294
[29-May-2023 13:35:59 UTC] PHP Warning:  Undefined variable $generatedText in C:\MAMP\htdocs\AI_BOT\test.php on line 296
[29-May-2023 13:36:15 UTC] PHP Warning:  Undefined array key 1 in C:\MAMP\htdocs\AI_BOT\test.php on line 39
[29-May-2023 13:36:15 UTC] PHP Warning:  Undefined variable $generatedText in C:\MAMP\htdocs\AI_BOT\test.php on line 294
[29-May-2023 13:36:15 UTC] PHP Warning:  Undefined variable $generatedText in C:\MAMP\htdocs\AI_BOT\test.php on line 296
[29-May-2023 13:38:09 UTC] PHP Warning:  Undefined array key 1 in C:\MAMP\htdocs\AI_BOT\test.php on line 39
[29-May-2023 13:38:09 UTC] PHP Warning:  Undefined variable $generatedText in C:\MAMP\htdocs\AI_BOT\test.php on line 294
[29-May-2023 13:38:09 UTC] PHP Warning:  Undefined variable $generatedText in C:\MAMP\htdocs\AI_BOT\test.php on line 296
[29-May-2023 13:38:17 UTC] PHP Warning:  Undefined array key 1 in C:\MAMP\htdocs\AI_BOT\test.php on line 39
[29-May-2023 13:38:17 UTC] PHP Warning:  Undefined variable $generatedText in C:\MAMP\htdocs\AI_BOT\test.php on line 294
[29-May-2023 13:38:17 UTC] PHP Warning:  Undefined variable $generatedText in C:\MAMP\htdocs\AI_BOT\test.php on line 296
[29-May-2023 13:38:23 UTC] PHP Warning:  Undefined array key 1 in C:\MAMP\htdocs\AI_BOT\test.php on line 39
[29-May-2023 13:38:23 UTC] PHP Warning:  Undefined variable $generatedText in C:\MAMP\htdocs\AI_BOT\test.php on line 294
[29-May-2023 13:38:23 UTC] PHP Warning:  Undefined variable $generatedText in C:\MAMP\htdocs\AI_BOT\test.php on line 296
[29-May-2023 13:38:44 UTC] PHP Warning:  Undefined array key 1 in C:\MAMP\htdocs\AI_BOT\test.php on line 39
[29-May-2023 13:38:44 UTC] PHP Warning:  Undefined variable $generatedText in C:\MAMP\htdocs\AI_BOT\test.php on line 294
[29-May-2023 13:38:44 UTC] PHP Warning:  Undefined variable $generatedText in C:\MAMP\htdocs\AI_BOT\test.php on line 296
[29-May-2023 13:39:17 UTC] PHP Warning:  Undefined array key 1 in C:\MAMP\htdocs\AI_BOT\test.php on line 39
[29-May-2023 13:39:17 UTC] PHP Warning:  Undefined variable $generatedText in C:\MAMP\htdocs\AI_BOT\test.php on line 294
[29-May-2023 13:39:17 UTC] PHP Warning:  Undefined variable $generatedText in C:\MAMP\htdocs\AI_BOT\test.php on line 296
[29-May-2023 13:39:25 UTC] PHP Warning:  Undefined array key 1 in C:\MAMP\htdocs\AI_BOT\test.php on line 39
[29-May-2023 13:39:25 UTC] PHP Fatal error:  Uncaught Error: Call to undefined function handleError() in C:\MAMP\htdocs\AI_BOT\test.php:100
Stack trace:
#0 {main}
  thrown in C:\MAMP\htdocs\AI_BOT\test.php on line 100
[29-May-2023 13:40:57 UTC] PHP Warning:  Undefined array key 1 in C:\MAMP\htdocs\AI_BOT\test.php on line 39
[29-May-2023 13:40:57 UTC] PHP Warning:  Undefined variable $generatedText in C:\MAMP\htdocs\AI_BOT\test.php on line 294
[29-May-2023 13:40:57 UTC] PHP Warning:  Undefined variable $generatedText in C:\MAMP\htdocs\AI_BOT\test.php on line 296
[29-May-2023 13:41:04 UTC] PHP Warning:  Undefined array key 1 in C:\MAMP\htdocs\AI_BOT\test.php on line 39
[29-May-2023 13:41:04 UTC] PHP Fatal error:  Uncaught Error: Call to undefined function handleError() in C:\MAMP\htdocs\AI_BOT\test.php:100
Stack trace:
#0 {main}
  thrown in C:\MAMP\htdocs\AI_BOT\test.php on line 100
[29-May-2023 13:43:16 UTC] PHP Warning:  Undefined array key 1 in C:\MAMP\htdocs\AI_BOT\test.php on line 39
[29-May-2023 13:43:16 UTC] PHP Warning:  Undefined variable $generatedText in C:\MAMP\htdocs\AI_BOT\test.php on line 301
[29-May-2023 13:43:16 UTC] PHP Warning:  Undefined variable $generatedText in C:\MAMP\htdocs\AI_BOT\test.php on line 303
[29-May-2023 13:43:22 UTC] PHP Warning:  Undefined array key 1 in C:\MAMP\htdocs\AI_BOT\test.php on line 39
[29-May-2023 13:43:22 UTC] PHP Fatal error:  Uncaught Error: Call to undefined function handleError() in C:\MAMP\htdocs\AI_BOT\test.php:107
Stack trace:
#0 {main}
  thrown in C:\MAMP\htdocs\AI_BOT\test.php on line 107
[29-May-2023 13:43:51 UTC] PHP Warning:  Undefined array key 1 in C:\MAMP\htdocs\AI_BOT\test.php on line 39
[29-May-2023 13:43:51 UTC] PHP Warning:  Undefined variable $generatedText in C:\MAMP\htdocs\AI_BOT\test.php on line 303
[29-May-2023 13:43:51 UTC] PHP Warning:  Undefined variable $generatedText in C:\MAMP\htdocs\AI_BOT\test.php on line 305
[29-May-2023 13:43:57 UTC] PHP Warning:  Undefined array key 1 in C:\MAMP\htdocs\AI_BOT\test.php on line 39
[29-May-2023 13:43:57 UTC] PHP Fatal error:  Uncaught Error: Call to undefined function handleError() in C:\MAMP\htdocs\AI_BOT\test.php:126
Stack trace:
#0 {main}
  thrown in C:\MAMP\htdocs\AI_BOT\test.php on line 126
[29-May-2023 13:46:21 UTC] PHP Warning:  Undefined array key 1 in C:\MAMP\htdocs\AI_BOT\test.php on line 39
[29-May-2023 13:46:21 UTC] PHP Warning:  Undefined variable $generatedText in C:\MAMP\htdocs\AI_BOT\test.php on line 303
[29-May-2023 13:46:21 UTC] PHP Warning:  Undefined variable $generatedText in C:\MAMP\htdocs\AI_BOT\test.php on line 305
[29-May-2023 13:46:29 UTC] PHP Warning:  Undefined array key 1 in C:\MAMP\htdocs\AI_BOT\test.php on line 39
[29-May-2023 13:46:29 UTC] Error: Special scripting: hackers are attacking!!!!!!!!!!!!!!!!
[29-May-2023 13:46:29 UTC] Error: HACKERS ARE GETTING IN
[29-May-2023 13:53:22 UTC] PHP Warning:  Undefined array key 1 in C:\MAMP\htdocs\AI_BOT\test.php on line 39
[29-May-2023 13:53:22 UTC] PHP Warning:  Undefined variable $generatedText in C:\MAMP\htdocs\AI_BOT\test.php on line 283
[29-May-2023 13:53:22 UTC] PHP Warning:  Undefined variable $generatedText in C:\MAMP\htdocs\AI_BOT\test.php on line 285
[29-May-2023 13:53:27 UTC] PHP Warning:  Undefined array key 1 in C:\MAMP\htdocs\AI_BOT\test.php on line 39
[29-May-2023 13:53:27 UTC] PHP Warning:  Undefined variable $generatedText in C:\MAMP\htdocs\AI_BOT\test.php on line 283
[29-May-2023 13:53:27 UTC] PHP Warning:  Undefined variable $generatedText in C:\MAMP\htdocs\AI_BOT\test.php on line 285
[29-May-2023 13:53:35 UTC] PHP Warning:  Undefined array key 1 in C:\MAMP\htdocs\AI_BOT\test.php on line 39
[29-May-2023 13:54:28 UTC] PHP Warning:  Undefined array key 1 in C:\MAMP\htdocs\AI_BOT\test.php on line 39
[29-May-2023 13:54:28 UTC] PHP Warning:  Undefined variable $generatedText in C:\MAMP\htdocs\AI_BOT\test.php on line 283
[29-May-2023 13:54:28 UTC] PHP Warning:  Undefined variable $generatedText in C:\MAMP\htdocs\AI_BOT\test.php on line 285
[29-May-2023 13:54:36 UTC] PHP Warning:  Undefined array key 1 in C:\MAMP\htdocs\AI_BOT\test.php on line 39
[29-May-2023 13:54:56 UTC] PHP Warning:  Undefined array key 1 in C:\MAMP\htdocs\AI_BOT\test.php on line 39
[29-May-2023 13:54:56 UTC] PHP Warning:  Undefined variable $generatedText in C:\MAMP\htdocs\AI_BOT\test.php on line 283
[29-May-2023 13:54:56 UTC] PHP Warning:  Undefined variable $generatedText in C:\MAMP\htdocs\AI_BOT\test.php on line 285
[29-May-2023 13:55:00 UTC] PHP Warning:  Undefined array key 1 in C:\MAMP\htdocs\AI_BOT\test.php on line 39
[29-May-2023 13:55:39 UTC] PHP Warning:  Undefined array key 1 in C:\MAMP\htdocs\AI_BOT\test.php on line 39
[29-May-2023 13:55:39 UTC] PHP Warning:  Undefined variable $generatedText in C:\MAMP\htdocs\AI_BOT\test.php on line 283
[29-May-2023 13:55:39 UTC] PHP Warning:  Undefined variable $generatedText in C:\MAMP\htdocs\AI_BOT\test.php on line 285
[29-May-2023 13:55:45 UTC] PHP Warning:  Undefined array key 1 in C:\MAMP\htdocs\AI_BOT\test.php on line 39
[29-May-2023 13:56:00 UTC] PHP Warning:  Undefined array key 1 in C:\MAMP\htdocs\AI_BOT\test.php on line 39
[29-May-2023 13:56:00 UTC] PHP Warning:  Undefined variable $generatedText in C:\MAMP\htdocs\AI_BOT\test.php on line 283
[29-May-2023 13:56:00 UTC] PHP Warning:  Undefined variable $generatedText in C:\MAMP\htdocs\AI_BOT\test.php on line 285
[29-May-2023 13:56:26 UTC] PHP Warning:  Undefined array key 1 in C:\MAMP\htdocs\AI_BOT\test.php on line 39
[29-May-2023 13:56:40 UTC] PHP Warning:  Undefined array key 1 in C:\MAMP\htdocs\AI_BOT\test.php on line 39
[29-May-2023 13:56:40 UTC] PHP Warning:  Undefined variable $generatedText in C:\MAMP\htdocs\AI_BOT\test.php on line 283
[29-May-2023 13:56:40 UTC] PHP Warning:  Undefined variable $generatedText in C:\MAMP\htdocs\AI_BOT\test.php on line 285
[29-May-2023 13:57:06 UTC] PHP Warning:  Undefined array key 1 in C:\MAMP\htdocs\AI_BOT\test.php on line 39
[29-May-2023 13:57:06 UTC] PHP Warning:  Undefined variable $generatedText in C:\MAMP\htdocs\AI_BOT\test.php on line 283
[29-May-2023 13:57:06 UTC] PHP Warning:  Undefined variable $generatedText in C:\MAMP\htdocs\AI_BOT\test.php on line 285
[29-May-2023 13:57:51 UTC] PHP Warning:  Undefined array key 1 in C:\MAMP\htdocs\AI_BOT\test.php on line 39
[29-May-2023 13:57:51 UTC] PHP Warning:  Undefined variable $generatedText in C:\MAMP\htdocs\AI_BOT\test.php on line 283
[29-May-2023 13:57:51 UTC] PHP Warning:  Undefined variable $generatedText in C:\MAMP\htdocs\AI_BOT\test.php on line 285
[29-May-2023 14:00:03 UTC] PHP Warning:  Undefined array key 1 in C:\MAMP\htdocs\AI_BOT\test.php on line 31
[29-May-2023 14:00:03 UTC] Error: Request Limit exceeded. Please try again later.
[29-May-2023 14:03:29 UTC] PHP Warning:  Undefined array key 1 in C:\MAMP\htdocs\AI_BOT\test.php on line 31
[29-May-2023 14:03:29 UTC] PHP Warning:  Undefined variable $generatedText in C:\MAMP\htdocs\AI_BOT\test.php on line 277
[29-May-2023 14:03:29 UTC] PHP Warning:  Undefined variable $generatedText in C:\MAMP\htdocs\AI_BOT\test.php on line 279
[29-May-2023 14:03:30 UTC] PHP Warning:  Undefined array key 1 in C:\MAMP\htdocs\AI_BOT\test.php on line 31
[29-May-2023 14:04:19 UTC] PHP Warning:  Undefined array key 1 in C:\MAMP\htdocs\AI_BOT\test.php on line 31
[29-May-2023 14:04:19 UTC] PHP Warning:  Undefined variable $generatedText in C:\MAMP\htdocs\AI_BOT\test.php on line 279
[29-May-2023 14:04:19 UTC] PHP Warning:  Undefined variable $generatedText in C:\MAMP\htdocs\AI_BOT\test.php on line 281
[29-May-2023 14:04:20 UTC] PHP Warning:  Undefined array key 1 in C:\MAMP\htdocs\AI_BOT\test.php on line 31
[29-May-2023 14:04:56 UTC] PHP Warning:  Undefined array key 1 in C:\MAMP\htdocs\AI_BOT\test.php on line 31
[29-May-2023 14:04:56 UTC] PHP Warning:  Undefined variable $generatedText in C:\MAMP\htdocs\AI_BOT\test.php on line 279
[29-May-2023 14:04:56 UTC] PHP Warning:  Undefined variable $generatedText in C:\MAMP\htdocs\AI_BOT\test.php on line 281
[29-May-2023 14:05:01 UTC] PHP Warning:  Undefined array key 1 in C:\MAMP\htdocs\AI_BOT\test.php on line 31
[29-May-2023 14:05:13 UTC] PHP Warning:  Undefined array key 1 in C:\MAMP\htdocs\AI_BOT\test.php on line 31
[29-May-2023 14:05:13 UTC] PHP Warning:  Undefined variable $generatedText in C:\MAMP\htdocs\AI_BOT\test.php on line 279
[29-May-2023 14:05:13 UTC] PHP Warning:  Undefined variable $generatedText in C:\MAMP\htdocs\AI_BOT\test.php on line 281
[29-May-2023 14:05:21 UTC] PHP Warning:  Undefined array key 1 in C:\MAMP\htdocs\AI_BOT\test.php on line 31
[29-May-2023 14:05:21 UTC] PHP Warning:  Undefined variable $generatedText in C:\MAMP\htdocs\AI_BOT\test.php on line 279
[29-May-2023 14:05:21 UTC] PHP Warning:  Undefined variable $generatedText in C:\MAMP\htdocs\AI_BOT\test.php on line 281
[29-May-2023 14:05:57 UTC] PHP Warning:  Undefined array key 1 in C:\MAMP\htdocs\AI_BOT\test.php on line 31
[29-May-2023 14:06:15 UTC] PHP Warning:  Undefined array key 1 in C:\MAMP\htdocs\AI_BOT\test.php on line 31
[29-May-2023 14:06:15 UTC] PHP Warning:  Undefined variable $generatedText in C:\MAMP\htdocs\AI_BOT\test.php on line 279
[29-May-2023 14:06:15 UTC] PHP Warning:  Undefined variable $generatedText in C:\MAMP\htdocs\AI_BOT\test.php on line 281
[29-May-2023 14:06:40 UTC] PHP Warning:  Undefined array key 1 in C:\MAMP\htdocs\AI_BOT\test.php on line 31
[29-May-2023 14:07:02 UTC] PHP Warning:  Undefined array key 1 in C:\MAMP\htdocs\AI_BOT\test.php on line 31
[29-May-2023 14:07:02 UTC] PHP Warning:  Undefined variable $generatedText in C:\MAMP\htdocs\AI_BOT\test.php on line 279
[29-May-2023 14:07:02 UTC] PHP Warning:  Undefined variable $generatedText in C:\MAMP\htdocs\AI_BOT\test.php on line 281
[29-May-2023 14:07:07 UTC] PHP Warning:  Undefined array key 1 in C:\MAMP\htdocs\AI_BOT\test.php on line 31
[29-May-2023 14:07:45 UTC] PHP Warning:  Undefined array key 1 in C:\MAMP\htdocs\AI_BOT\test.php on line 31
[29-May-2023 14:07:45 UTC] PHP Warning:  Undefined variable $generatedText in C:\MAMP\htdocs\AI_BOT\test.php on line 279
[29-May-2023 14:07:45 UTC] PHP Warning:  Undefined variable $generatedText in C:\MAMP\htdocs\AI_BOT\test.php on line 281
[29-May-2023 14:07:46 UTC] PHP Warning:  Undefined array key 1 in C:\MAMP\htdocs\AI_BOT\test.php on line 31
[29-May-2023 14:07:48 UTC] PHP Warning:  Undefined array key 1 in C:\MAMP\htdocs\AI_BOT\test.php on line 31
[29-May-2023 14:07:48 UTC] PHP Warning:  Undefined variable $generatedText in C:\MAMP\htdocs\AI_BOT\test.php on line 279
[29-May-2023 14:07:48 UTC] PHP Warning:  Undefined variable $generatedText in C:\MAMP\htdocs\AI_BOT\test.php on line 281
[29-May-2023 14:10:12 UTC] PHP Warning:  Undefined array key 1 in C:\MAMP\htdocs\AI_BOT\test.php on line 31
[29-May-2023 14:10:12 UTC] PHP Warning:  Undefined variable $generatedText in C:\MAMP\htdocs\AI_BOT\test.php on line 279
[29-May-2023 14:10:12 UTC] PHP Warning:  Undefined variable $generatedText in C:\MAMP\htdocs\AI_BOT\test.php on line 281
[29-May-2023 14:10:22 UTC] PHP Warning:  Undefined array key 1 in C:\MAMP\htdocs\AI_BOT\test.php on line 31
[29-May-2023 14:12:26 UTC] PHP Warning:  Undefined array key 1 in C:\MAMP\htdocs\AI_BOT\test.php on line 31
[29-May-2023 14:12:26 UTC] PHP Warning:  Undefined variable $generatedText in C:\MAMP\htdocs\AI_BOT\test.php on line 285
[29-May-2023 14:12:26 UTC] PHP Warning:  Undefined variable $generatedText in C:\MAMP\htdocs\AI_BOT\test.php on line 287
[29-May-2023 14:12:37 UTC] PHP Warning:  Undefined array key 1 in C:\MAMP\htdocs\AI_BOT\test.php on line 31
[31-May-2023 13:33:25 UTC] PHP Warning:  Undefined array key 1 in C:\MAMP\htdocs\AI_BOT\test.php on line 31
[31-May-2023 13:33:25 UTC] PHP Warning:  Undefined variable $generatedText in C:\MAMP\htdocs\AI_BOT\test.php on line 285
[31-May-2023 13:33:25 UTC] PHP Warning:  Undefined variable $generatedText in C:\MAMP\htdocs\AI_BOT\test.php on line 287
[31-May-2023 13:36:37 UTC] PHP Warning:  Undefined array key 1 in C:\MAMP\htdocs\AI_BOT\test.php on line 31
[31-May-2023 13:36:37 UTC] PHP Warning:  Undefined variable $generatedText in C:\MAMP\htdocs\AI_BOT\test.php on line 286
[31-May-2023 13:36:37 UTC] PHP Warning:  Undefined variable $generatedText in C:\MAMP\htdocs\AI_BOT\test.php on line 288
[31-May-2023 13:38:11 UTC] PHP Warning:  Undefined array key 1 in C:\MAMP\htdocs\AI_BOT\test.php on line 31
[31-May-2023 13:45:56 UTC] PHP Warning:  Undefined array key 1 in C:\MAMP\htdocs\AI_BOT\test.php on line 31
[31-May-2023 13:45:56 UTC] PHP Warning:  Undefined variable $generatedText in C:\MAMP\htdocs\AI_BOT\test.php on line 311
[31-May-2023 13:45:56 UTC] PHP Warning:  Undefined variable $generatedText in C:\MAMP\htdocs\AI_BOT\test.php on line 313
[31-May-2023 13:47:32 UTC] PHP Warning:  Undefined array key 1 in C:\MAMP\htdocs\AI_BOT\test.php on line 31
[31-May-2023 13:47:32 UTC] PHP Warning:  Undefined variable $generatedText in C:\MAMP\htdocs\AI_BOT\test.php on line 311
[31-May-2023 13:47:32 UTC] PHP Warning:  Undefined variable $generatedText in C:\MAMP\htdocs\AI_BOT\test.php on line 313
[31-May-2023 13:51:11 UTC] PHP Warning:  Undefined array key 1 in C:\MAMP\htdocs\AI_BOT\test.php on line 31
[31-May-2023 13:51:11 UTC] PHP Warning:  Undefined variable $generatedText in C:\MAMP\htdocs\AI_BOT\test.php on line 311
[31-May-2023 13:51:11 UTC] PHP Warning:  Undefined variable $generatedText in C:\MAMP\htdocs\AI_BOT\test.php on line 313
[31-May-2023 13:52:18 UTC] PHP Warning:  Undefined array key 1 in C:\MAMP\htdocs\AI_BOT\test.php on line 31
[31-May-2023 13:52:18 UTC] PHP Warning:  Undefined variable $generatedText in C:\MAMP\htdocs\AI_BOT\test.php on line 311
[31-May-2023 13:52:18 UTC] PHP Warning:  Undefined variable $generatedText in C:\MAMP\htdocs\AI_BOT\test.php on line 313
[31-May-2023 13:52:47 UTC] PHP Warning:  Undefined array key 1 in C:\MAMP\htdocs\AI_BOT\test.php on line 31
[31-May-2023 13:52:47 UTC] PHP Warning:  Undefined variable $generatedText in C:\MAMP\htdocs\AI_BOT\test.php on line 311
[31-May-2023 13:52:47 UTC] PHP Warning:  Undefined variable $generatedText in C:\MAMP\htdocs\AI_BOT\test.php on line 313
[31-May-2023 13:53:54 UTC] PHP Warning:  Undefined array key 1 in C:\MAMP\htdocs\AI_BOT\test.php on line 31
[31-May-2023 13:53:54 UTC] PHP Warning:  Undefined variable $generatedText in C:\MAMP\htdocs\AI_BOT\test.php on line 311
[31-May-2023 13:53:54 UTC] PHP Warning:  Undefined variable $generatedText in C:\MAMP\htdocs\AI_BOT\test.php on line 313
[31-May-2023 13:54:58 UTC] PHP Warning:  Undefined array key 1 in C:\MAMP\htdocs\AI_BOT\test.php on line 31
[31-May-2023 13:54:58 UTC] PHP Warning:  Undefined variable $generatedText in C:\MAMP\htdocs\AI_BOT\test.php on line 311
[31-May-2023 13:54:58 UTC] PHP Warning:  Undefined variable $generatedText in C:\MAMP\htdocs\AI_BOT\test.php on line 313
[31-May-2023 13:57:01 UTC] PHP Warning:  Undefined array key 1 in C:\MAMP\htdocs\AI_BOT\test.php on line 31
[31-May-2023 13:57:01 UTC] PHP Warning:  Undefined variable $generatedText in C:\MAMP\htdocs\AI_BOT\test.php on line 312
[31-May-2023 13:57:01 UTC] PHP Warning:  Undefined variable $generatedText in C:\MAMP\htdocs\AI_BOT\test.php on line 314
[31-May-2023 14:00:21 UTC] PHP Warning:  Undefined array key 1 in C:\MAMP\htdocs\AI_BOT\test.php on line 31
[31-May-2023 14:00:21 UTC] PHP Warning:  Undefined variable $generatedText in C:\MAMP\htdocs\AI_BOT\test.php on line 312
[31-May-2023 14:00:21 UTC] PHP Warning:  Undefined variable $generatedText in C:\MAMP\htdocs\AI_BOT\test.php on line 314
[31-May-2023 14:01:16 UTC] PHP Warning:  Undefined array key 1 in C:\MAMP\htdocs\AI_BOT\test.php on line 31
[31-May-2023 14:01:16 UTC] PHP Warning:  Undefined variable $generatedText in C:\MAMP\htdocs\AI_BOT\test.php on line 304
[31-May-2023 14:01:16 UTC] PHP Warning:  Undefined variable $generatedText in C:\MAMP\htdocs\AI_BOT\test.php on line 306
[31-May-2023 14:01:22 UTC] PHP Warning:  Undefined array key 1 in C:\MAMP\htdocs\AI_BOT\test.php on line 31
[31-May-2023 14:01:22 UTC] PHP Warning:  Undefined variable $generatedText in C:\MAMP\htdocs\AI_BOT\test.php on line 304
[31-May-2023 14:01:22 UTC] PHP Warning:  Undefined variable $generatedText in C:\MAMP\htdocs\AI_BOT\test.php on line 306
[31-May-2023 14:01:37 UTC] PHP Warning:  Undefined array key 1 in C:\MAMP\htdocs\AI_BOT\test.php on line 31
[31-May-2023 14:01:37 UTC] PHP Warning:  Undefined variable $generatedText in C:\MAMP\htdocs\AI_BOT\test.php on line 304
[31-May-2023 14:01:37 UTC] PHP Warning:  Undefined variable $generatedText in C:\MAMP\htdocs\AI_BOT\test.php on line 306
[31-May-2023 14:04:01 UTC] PHP Warning:  Undefined array key 1 in C:\MAMP\htdocs\AI_BOT\test.php on line 31
[31-May-2023 14:04:01 UTC] PHP Warning:  Undefined variable $generatedText in C:\MAMP\htdocs\AI_BOT\test.php on line 309
[31-May-2023 14:04:01 UTC] PHP Warning:  Undefined variable $generatedText in C:\MAMP\htdocs\AI_BOT\test.php on line 311
[31-May-2023 14:06:34 UTC] PHP Warning:  Undefined array key 1 in C:\MAMP\htdocs\AI_BOT\test.php on line 31
[31-May-2023 14:06:34 UTC] PHP Warning:  Undefined variable $generatedText in C:\MAMP\htdocs\AI_BOT\test.php on line 311
[31-May-2023 14:06:34 UTC] PHP Warning:  Undefined variable $generatedText in C:\MAMP\htdocs\AI_BOT\test.php on line 313
[31-May-2023 14:09:31 UTC] PHP Warning:  Undefined array key 1 in C:\MAMP\htdocs\AI_BOT\test.php on line 31
[31-May-2023 14:09:31 UTC] PHP Warning:  Undefined variable $generatedText in C:\MAMP\htdocs\AI_BOT\test.php on line 293
[31-May-2023 14:09:31 UTC] PHP Warning:  Undefined variable $generatedText in C:\MAMP\htdocs\AI_BOT\test.php on line 295
[31-May-2023 14:10:02 UTC] PHP Warning:  Undefined array key 1 in C:\MAMP\htdocs\AI_BOT\test.php on line 31
[31-May-2023 14:10:02 UTC] PHP Warning:  Undefined variable $generatedText in C:\MAMP\htdocs\AI_BOT\test.php on line 293
[31-May-2023 14:10:02 UTC] PHP Warning:  Undefined variable $generatedText in C:\MAMP\htdocs\AI_BOT\test.php on line 295
[31-May-2023 14:10:19 UTC] PHP Warning:  Undefined array key 1 in C:\MAMP\htdocs\AI_BOT\test.php on line 31
[31-May-2023 14:10:19 UTC] PHP Warning:  Undefined variable $generatedText in C:\MAMP\htdocs\AI_BOT\test.php on line 293
[31-May-2023 14:10:19 UTC] PHP Warning:  Undefined variable $generatedText in C:\MAMP\htdocs\AI_BOT\test.php on line 295
[31-May-2023 14:11:09 UTC] PHP Warning:  Undefined array key 1 in C:\MAMP\htdocs\AI_BOT\test.php on line 31
[31-May-2023 14:11:09 UTC] PHP Warning:  Undefined variable $generatedText in C:\MAMP\htdocs\AI_BOT\test.php on line 293
[31-May-2023 14:11:09 UTC] PHP Warning:  Undefined variable $generatedText in C:\MAMP\htdocs\AI_BOT\test.php on line 295
[31-May-2023 14:12:06 UTC] PHP Warning:  Undefined array key 1 in C:\MAMP\htdocs\AI_BOT\test.php on line 31
[31-May-2023 14:12:06 UTC] PHP Warning:  Undefined variable $generatedText in C:\MAMP\htdocs\AI_BOT\test.php on line 293
[31-May-2023 14:12:06 UTC] PHP Warning:  Undefined variable $generatedText in C:\MAMP\htdocs\AI_BOT\test.php on line 295
[31-May-2023 14:14:07 UTC] PHP Warning:  Undefined array key 1 in C:\MAMP\htdocs\AI_BOT\test.php on line 31
[31-May-2023 14:14:07 UTC] PHP Warning:  Undefined variable $generatedText in C:\MAMP\htdocs\AI_BOT\test.php on line 293
[31-May-2023 14:14:07 UTC] PHP Warning:  Undefined variable $generatedText in C:\MAMP\htdocs\AI_BOT\test.php on line 295
[31-May-2023 14:16:57 UTC] PHP Warning:  Undefined array key 1 in C:\MAMP\htdocs\AI_BOT\test.php on line 31
[31-May-2023 14:16:57 UTC] PHP Warning:  Undefined variable $generatedText in C:\MAMP\htdocs\AI_BOT\test.php on line 296
[31-May-2023 14:16:57 UTC] PHP Warning:  Undefined variable $generatedText in C:\MAMP\htdocs\AI_BOT\test.php on line 298
[31-May-2023 14:21:12 UTC] PHP Warning:  Undefined array key 1 in C:\MAMP\htdocs\AI_BOT\test.php on line 31
[31-May-2023 14:21:12 UTC] PHP Warning:  Undefined variable $generatedText in C:\MAMP\htdocs\AI_BOT\test.php on line 299
[31-May-2023 14:21:12 UTC] PHP Warning:  Undefined variable $generatedText in C:\MAMP\htdocs\AI_BOT\test.php on line 301
[31-May-2023 14:21:45 UTC] PHP Warning:  Undefined array key 1 in C:\MAMP\htdocs\AI_BOT\test.php on line 31
[31-May-2023 14:21:45 UTC] PHP Warning:  Undefined variable $generatedText in C:\MAMP\htdocs\AI_BOT\test.php on line 300
[31-May-2023 14:21:45 UTC] PHP Warning:  Undefined variable $generatedText in C:\MAMP\htdocs\AI_BOT\test.php on line 302
[31-May-2023 14:22:40 UTC] PHP Warning:  Undefined array key 1 in C:\MAMP\htdocs\AI_BOT\test.php on line 31
[31-May-2023 14:22:40 UTC] PHP Warning:  Undefined variable $generatedText in C:\MAMP\htdocs\AI_BOT\test.php on line 300
[31-May-2023 14:22:40 UTC] PHP Warning:  Undefined variable $generatedText in C:\MAMP\htdocs\AI_BOT\test.php on line 302
[31-May-2023 14:22:55 UTC] PHP Warning:  Undefined array key 1 in C:\MAMP\htdocs\AI_BOT\test.php on line 31
[31-May-2023 14:22:55 UTC] PHP Warning:  Undefined variable $generatedText in C:\MAMP\htdocs\AI_BOT\test.php on line 300
[31-May-2023 14:22:55 UTC] PHP Warning:  Undefined variable $generatedText in C:\MAMP\htdocs\AI_BOT\test.php on line 302
[31-May-2023 14:23:30 UTC] PHP Warning:  Undefined array key 1 in C:\MAMP\htdocs\AI_BOT\test.php on line 31
[31-May-2023 14:23:30 UTC] PHP Warning:  Undefined variable $generatedText in C:\MAMP\htdocs\AI_BOT\test.php on line 300
[31-May-2023 14:23:30 UTC] PHP Warning:  Undefined variable $generatedText in C:\MAMP\htdocs\AI_BOT\test.php on line 302
[31-May-2023 14:23:30 UTC] PHP Warning:  Undefined array key 1 in C:\MAMP\htdocs\AI_BOT\test.php on line 31
[31-May-2023 14:23:30 UTC] PHP Warning:  Undefined variable $generatedText in C:\MAMP\htdocs\AI_BOT\test.php on line 300
[31-May-2023 14:23:30 UTC] PHP Warning:  Undefined variable $generatedText in C:\MAMP\htdocs\AI_BOT\test.php on line 302
[31-May-2023 14:24:00 UTC] PHP Warning:  Undefined array key 1 in C:\MAMP\htdocs\AI_BOT\test.php on line 31
[31-May-2023 14:24:00 UTC] PHP Warning:  Undefined variable $generatedText in C:\MAMP\htdocs\AI_BOT\test.php on line 300
[31-May-2023 14:24:00 UTC] PHP Warning:  Undefined variable $generatedText in C:\MAMP\htdocs\AI_BOT\test.php on line 302
[31-May-2023 14:24:23 UTC] PHP Warning:  Undefined array key 1 in C:\MAMP\htdocs\AI_BOT\test.php on line 31
[31-May-2023 14:24:23 UTC] PHP Warning:  Undefined variable $generatedText in C:\MAMP\htdocs\AI_BOT\test.php on line 300
[31-May-2023 14:24:23 UTC] PHP Warning:  Undefined variable $generatedText in C:\MAMP\htdocs\AI_BOT\test.php on line 302
[31-May-2023 14:24:45 UTC] PHP Warning:  Undefined array key 1 in C:\MAMP\htdocs\AI_BOT\test.php on line 31
[31-May-2023 14:24:45 UTC] PHP Warning:  Undefined variable $generatedText in C:\MAMP\htdocs\AI_BOT\test.php on line 301
[31-May-2023 14:24:46 UTC] PHP Warning:  Undefined variable $generatedText in C:\MAMP\htdocs\AI_BOT\test.php on line 303
[31-May-2023 14:30:09 UTC] PHP Warning:  Undefined array key 1 in C:\MAMP\htdocs\AI_BOT\test.php on line 31
[31-May-2023 14:30:09 UTC] PHP Warning:  Undefined variable $generatedText in C:\MAMP\htdocs\AI_BOT\test.php on line 301
[31-May-2023 14:30:09 UTC] PHP Warning:  Undefined variable $generatedText in C:\MAMP\htdocs\AI_BOT\test.php on line 303
[31-May-2023 14:30:25 UTC] PHP Warning:  Undefined array key 1 in C:\MAMP\htdocs\AI_BOT\test.php on line 31
[31-May-2023 14:30:25 UTC] PHP Warning:  Undefined variable $generatedText in C:\MAMP\htdocs\AI_BOT\test.php on line 301
[31-May-2023 14:30:25 UTC] PHP Warning:  Undefined variable $generatedText in C:\MAMP\htdocs\AI_BOT\test.php on line 303
[31-May-2023 14:31:00 UTC] PHP Warning:  Undefined array key 1 in C:\MAMP\htdocs\AI_BOT\test.php on line 31
[31-May-2023 14:31:00 UTC] PHP Warning:  Undefined variable $generatedText in C:\MAMP\htdocs\AI_BOT\test.php on line 301
[31-May-2023 14:31:00 UTC] PHP Warning:  Undefined variable $generatedText in C:\MAMP\htdocs\AI_BOT\test.php on line 303
[31-May-2023 14:31:15 UTC] PHP Warning:  Undefined array key 1 in C:\MAMP\htdocs\AI_BOT\test.php on line 31
[31-May-2023 14:31:15 UTC] PHP Warning:  Undefined variable $generatedText in C:\MAMP\htdocs\AI_BOT\test.php on line 301
[31-May-2023 14:31:15 UTC] PHP Warning:  Undefined variable $generatedText in C:\MAMP\htdocs\AI_BOT\test.php on line 303
[31-May-2023 14:31:42 UTC] PHP Warning:  Undefined array key 1 in C:\MAMP\htdocs\AI_BOT\test.php on line 31
[31-May-2023 14:31:42 UTC] PHP Warning:  Undefined variable $generatedText in C:\MAMP\htdocs\AI_BOT\test.php on line 301
[31-May-2023 14:31:42 UTC] PHP Warning:  Undefined variable $generatedText in C:\MAMP\htdocs\AI_BOT\test.php on line 303
[31-May-2023 14:32:01 UTC] PHP Warning:  Undefined array key 1 in C:\MAMP\htdocs\AI_BOT\test.php on line 31
[31-May-2023 14:32:01 UTC] PHP Warning:  Undefined variable $generatedText in C:\MAMP\htdocs\AI_BOT\test.php on line 301
[31-May-2023 14:32:01 UTC] PHP Warning:  Undefined variable $generatedText in C:\MAMP\htdocs\AI_BOT\test.php on line 303
[31-May-2023 14:32:17 UTC] PHP Warning:  Undefined array key 1 in C:\MAMP\htdocs\AI_BOT\test.php on line 31
[31-May-2023 14:32:17 UTC] PHP Warning:  Undefined variable $generatedText in C:\MAMP\htdocs\AI_BOT\test.php on line 301
[31-May-2023 14:32:17 UTC] PHP Warning:  Undefined variable $generatedText in C:\MAMP\htdocs\AI_BOT\test.php on line 303
[31-May-2023 14:33:10 UTC] PHP Warning:  Undefined array key 1 in C:\MAMP\htdocs\AI_BOT\test.php on line 31
[31-May-2023 14:33:10 UTC] PHP Warning:  Undefined variable $generatedText in C:\MAMP\htdocs\AI_BOT\test.php on line 301
[31-May-2023 14:33:10 UTC] PHP Warning:  Undefined variable $generatedText in C:\MAMP\htdocs\AI_BOT\test.php on line 303
[31-May-2023 14:33:25 UTC] PHP Warning:  Undefined array key 1 in C:\MAMP\htdocs\AI_BOT\test.php on line 31
[31-May-2023 14:33:25 UTC] PHP Warning:  Undefined variable $generatedText in C:\MAMP\htdocs\AI_BOT\test.php on line 301
[31-May-2023 14:33:25 UTC] PHP Warning:  Undefined variable $generatedText in C:\MAMP\htdocs\AI_BOT\test.php on line 303
[31-May-2023 14:34:34 UTC] PHP Warning:  Undefined array key 1 in C:\MAMP\htdocs\AI_BOT\test.php on line 31
[31-May-2023 14:34:34 UTC] PHP Warning:  Undefined variable $generatedText in C:\MAMP\htdocs\AI_BOT\test.php on line 302
[31-May-2023 14:34:34 UTC] PHP Warning:  Undefined variable $generatedText in C:\MAMP\htdocs\AI_BOT\test.php on line 304
[31-May-2023 14:37:01 UTC] PHP Warning:  Undefined array key 1 in C:\MAMP\htdocs\AI_BOT\test.php on line 31
[31-May-2023 14:37:01 UTC] PHP Warning:  Undefined variable $generatedText in C:\MAMP\htdocs\AI_BOT\test.php on line 305
[31-May-2023 14:37:01 UTC] PHP Warning:  Undefined variable $generatedText in C:\MAMP\htdocs\AI_BOT\test.php on line 307
[31-May-2023 14:38:14 UTC] PHP Warning:  Undefined array key 1 in C:\MAMP\htdocs\AI_BOT\test.php on line 31
[31-May-2023 14:38:14 UTC] PHP Warning:  Undefined variable $generatedText in C:\MAMP\htdocs\AI_BOT\test.php on line 305
[31-May-2023 14:38:14 UTC] PHP Warning:  Undefined variable $generatedText in C:\MAMP\htdocs\AI_BOT\test.php on line 307
[31-May-2023 14:38:27 UTC] PHP Warning:  Undefined array key 1 in C:\MAMP\htdocs\AI_BOT\test.php on line 31
[31-May-2023 14:38:27 UTC] PHP Warning:  Undefined variable $generatedText in C:\MAMP\htdocs\AI_BOT\test.php on line 305
[31-May-2023 14:38:27 UTC] PHP Warning:  Undefined variable $generatedText in C:\MAMP\htdocs\AI_BOT\test.php on line 307
[31-May-2023 14:39:04 UTC] PHP Warning:  Undefined array key 1 in C:\MAMP\htdocs\AI_BOT\test.php on line 31
[31-May-2023 14:39:04 UTC] PHP Warning:  Undefined variable $generatedText in C:\MAMP\htdocs\AI_BOT\test.php on line 303
[31-May-2023 14:39:04 UTC] PHP Warning:  Undefined variable $generatedText in C:\MAMP\htdocs\AI_BOT\test.php on line 305
[31-May-2023 14:39:32 UTC] PHP Warning:  Undefined array key 1 in C:\MAMP\htdocs\AI_BOT\test.php on line 31
[31-May-2023 14:39:32 UTC] PHP Warning:  Undefined variable $generatedText in C:\MAMP\htdocs\AI_BOT\test.php on line 301
[31-May-2023 14:39:32 UTC] PHP Warning:  Undefined variable $generatedText in C:\MAMP\htdocs\AI_BOT\test.php on line 303
[31-May-2023 14:41:02 UTC] PHP Warning:  Undefined array key 1 in C:\MAMP\htdocs\AI_BOT\test.php on line 31
[31-May-2023 14:41:02 UTC] PHP Warning:  Undefined variable $generatedText in C:\MAMP\htdocs\AI_BOT\test.php on line 303
[31-May-2023 14:41:02 UTC] PHP Warning:  Undefined variable $generatedText in C:\MAMP\htdocs\AI_BOT\test.php on line 305
[31-May-2023 14:41:17 UTC] PHP Warning:  Undefined array key 1 in C:\MAMP\htdocs\AI_BOT\test.php on line 31
[31-May-2023 14:41:17 UTC] PHP Warning:  Undefined variable $generatedText in C:\MAMP\htdocs\AI_BOT\test.php on line 303
[31-May-2023 14:41:17 UTC] PHP Warning:  Undefined variable $generatedText in C:\MAMP\htdocs\AI_BOT\test.php on line 305
[31-May-2023 14:43:01 UTC] PHP Warning:  Undefined array key 1 in C:\MAMP\htdocs\AI_BOT\test.php on line 35
[31-May-2023 14:43:01 UTC] PHP Warning:  Undefined variable $generatedText in C:\MAMP\htdocs\AI_BOT\test.php on line 307
[31-May-2023 14:43:01 UTC] PHP Warning:  Undefined variable $generatedText in C:\MAMP\htdocs\AI_BOT\test.php on line 309
[31-May-2023 14:45:34 UTC] PHP Warning:  Undefined array key 1 in C:\MAMP\htdocs\AI_BOT\test.php on line 35
[31-May-2023 14:45:34 UTC] PHP Warning:  Undefined variable $generatedText in C:\MAMP\htdocs\AI_BOT\test.php on line 307
[31-May-2023 14:45:34 UTC] PHP Warning:  Undefined variable $generatedText in C:\MAMP\htdocs\AI_BOT\test.php on line 309
[31-May-2023 14:46:39 UTC] PHP Warning:  Undefined array key 1 in C:\MAMP\htdocs\AI_BOT\test.php on line 35
[31-May-2023 14:46:39 UTC] PHP Warning:  Undefined variable $generatedText in C:\MAMP\htdocs\AI_BOT\test.php on line 307
[31-May-2023 14:46:39 UTC] PHP Warning:  Undefined variable $generatedText in C:\MAMP\htdocs\AI_BOT\test.php on line 309
[31-May-2023 14:47:42 UTC] PHP Warning:  Undefined array key 1 in C:\MAMP\htdocs\AI_BOT\test.php on line 35
[31-May-2023 14:47:42 UTC] PHP Warning:  Undefined variable $generatedText in C:\MAMP\htdocs\AI_BOT\test.php on line 307
[31-May-2023 14:47:42 UTC] PHP Warning:  Undefined variable $generatedText in C:\MAMP\htdocs\AI_BOT\test.php on line 309
[31-May-2023 14:47:59 UTC] PHP Warning:  Undefined array key 1 in C:\MAMP\htdocs\AI_BOT\test.php on line 35
[31-May-2023 14:47:59 UTC] PHP Warning:  Undefined variable $generatedText in C:\MAMP\htdocs\AI_BOT\test.php on line 307
[31-May-2023 14:47:59 UTC] PHP Warning:  Undefined variable $generatedText in C:\MAMP\htdocs\AI_BOT\test.php on line 309
[31-May-2023 14:48:18 UTC] PHP Warning:  Undefined array key 1 in C:\MAMP\htdocs\AI_BOT\test.php on line 35
[31-May-2023 14:48:18 UTC] PHP Warning:  Undefined variable $generatedText in C:\MAMP\htdocs\AI_BOT\test.php on line 307
[31-May-2023 14:48:18 UTC] PHP Warning:  Undefined variable $generatedText in C:\MAMP\htdocs\AI_BOT\test.php on line 309
[31-May-2023 14:48:35 UTC] PHP Warning:  Undefined array key 1 in C:\MAMP\htdocs\AI_BOT\test.php on line 35
[31-May-2023 14:48:35 UTC] PHP Warning:  Undefined variable $generatedText in C:\MAMP\htdocs\AI_BOT\test.php on line 307
[31-May-2023 14:48:35 UTC] PHP Warning:  Undefined variable $generatedText in C:\MAMP\htdocs\AI_BOT\test.php on line 309
[31-May-2023 14:48:47 UTC] PHP Warning:  Undefined array key 1 in C:\MAMP\htdocs\AI_BOT\test.php on line 35
[31-May-2023 14:48:47 UTC] PHP Warning:  Undefined variable $generatedText in C:\MAMP\htdocs\AI_BOT\test.php on line 307
[31-May-2023 14:48:47 UTC] PHP Warning:  Undefined variable $generatedText in C:\MAMP\htdocs\AI_BOT\test.php on line 309
[31-May-2023 14:49:31 UTC] PHP Warning:  Undefined array key 1 in C:\MAMP\htdocs\AI_BOT\test.php on line 35
[31-May-2023 14:49:31 UTC] PHP Warning:  Undefined variable $generatedText in C:\MAMP\htdocs\AI_BOT\test.php on line 307
[31-May-2023 14:49:31 UTC] PHP Warning:  Undefined variable $generatedText in C:\MAMP\htdocs\AI_BOT\test.php on line 309
[31-May-2023 14:50:52 UTC] PHP Warning:  Undefined array key 1 in C:\MAMP\htdocs\AI_BOT\test.php on line 35
[31-May-2023 14:50:52 UTC] PHP Warning:  Undefined variable $generatedText in C:\MAMP\htdocs\AI_BOT\test.php on line 307
[31-May-2023 14:50:52 UTC] PHP Warning:  Undefined variable $generatedText in C:\MAMP\htdocs\AI_BOT\test.php on line 309
[31-May-2023 14:51:34 UTC] PHP Warning:  Undefined array key 1 in C:\MAMP\htdocs\AI_BOT\test.php on line 35
[31-May-2023 14:51:34 UTC] PHP Warning:  Undefined variable $generatedText in C:\MAMP\htdocs\AI_BOT\test.php on line 307
[31-May-2023 14:51:34 UTC] PHP Warning:  Undefined variable $generatedText in C:\MAMP\htdocs\AI_BOT\test.php on line 309
[31-May-2023 14:52:35 UTC] PHP Warning:  Undefined array key 1 in C:\MAMP\htdocs\AI_BOT\test.php on line 35
[31-May-2023 14:52:35 UTC] PHP Warning:  Undefined variable $generatedText in C:\MAMP\htdocs\AI_BOT\test.php on line 307
[31-May-2023 14:52:35 UTC] PHP Warning:  Undefined variable $generatedText in C:\MAMP\htdocs\AI_BOT\test.php on line 309
[31-May-2023 14:55:51 UTC] PHP Warning:  Undefined array key 1 in C:\MAMP\htdocs\AI_BOT\test.php on line 35
[31-May-2023 14:55:51 UTC] PHP Warning:  Undefined variable $generatedText in C:\MAMP\htdocs\AI_BOT\test.php on line 308
[31-May-2023 14:55:51 UTC] PHP Warning:  Undefined variable $generatedText in C:\MAMP\htdocs\AI_BOT\test.php on line 310
[31-May-2023 14:56:42 UTC] PHP Warning:  Undefined array key 1 in C:\MAMP\htdocs\AI_BOT\test.php on line 35
[31-May-2023 14:56:42 UTC] PHP Warning:  Undefined variable $generatedText in C:\MAMP\htdocs\AI_BOT\test.php on line 308
[31-May-2023 14:56:42 UTC] PHP Warning:  Undefined variable $generatedText in C:\MAMP\htdocs\AI_BOT\test.php on line 310
[31-May-2023 14:57:02 UTC] PHP Warning:  Undefined array key 1 in C:\MAMP\htdocs\AI_BOT\test.php on line 35
[31-May-2023 14:57:02 UTC] PHP Warning:  Undefined variable $generatedText in C:\MAMP\htdocs\AI_BOT\test.php on line 308
[31-May-2023 14:57:02 UTC] PHP Warning:  Undefined variable $generatedText in C:\MAMP\htdocs\AI_BOT\test.php on line 310
[31-May-2023 14:57:16 UTC] PHP Warning:  Undefined array key 1 in C:\MAMP\htdocs\AI_BOT\test.php on line 35
[31-May-2023 14:57:16 UTC] PHP Warning:  Undefined variable $generatedText in C:\MAMP\htdocs\AI_BOT\test.php on line 308
[31-May-2023 14:57:16 UTC] PHP Warning:  Undefined variable $generatedText in C:\MAMP\htdocs\AI_BOT\test.php on line 310
[31-May-2023 14:57:24 UTC] PHP Warning:  Undefined array key 1 in C:\MAMP\htdocs\AI_BOT\test.php on line 35
[31-May-2023 14:57:24 UTC] PHP Warning:  Undefined variable $generatedText in C:\MAMP\htdocs\AI_BOT\test.php on line 308
[31-May-2023 14:57:24 UTC] PHP Warning:  Undefined variable $generatedText in C:\MAMP\htdocs\AI_BOT\test.php on line 310
[31-May-2023 14:58:58 UTC] PHP Warning:  Undefined array key 1 in C:\MAMP\htdocs\AI_BOT\test.php on line 35
[31-May-2023 14:58:58 UTC] PHP Warning:  Undefined variable $generatedText in C:\MAMP\htdocs\AI_BOT\test.php on line 313
[31-May-2023 14:58:58 UTC] PHP Warning:  Undefined variable $generatedText in C:\MAMP\htdocs\AI_BOT\test.php on line 315
[31-May-2023 14:59:20 UTC] PHP Warning:  Undefined array key 1 in C:\MAMP\htdocs\AI_BOT\test.php on line 35
[31-May-2023 14:59:20 UTC] PHP Warning:  Undefined variable $generatedText in C:\MAMP\htdocs\AI_BOT\test.php on line 313
[31-May-2023 14:59:20 UTC] PHP Warning:  Undefined variable $generatedText in C:\MAMP\htdocs\AI_BOT\test.php on line 315
[31-May-2023 14:59:38 UTC] PHP Warning:  Undefined array key 1 in C:\MAMP\htdocs\AI_BOT\test.php on line 35
[31-May-2023 14:59:38 UTC] PHP Warning:  Undefined variable $generatedText in C:\MAMP\htdocs\AI_BOT\test.php on line 313
[31-May-2023 14:59:38 UTC] PHP Warning:  Undefined variable $generatedText in C:\MAMP\htdocs\AI_BOT\test.php on line 315
[31-May-2023 14:59:55 UTC] PHP Warning:  Undefined array key 1 in C:\MAMP\htdocs\AI_BOT\test.php on line 35
[31-May-2023 14:59:55 UTC] PHP Warning:  Undefined variable $generatedText in C:\MAMP\htdocs\AI_BOT\test.php on line 313
[31-May-2023 14:59:55 UTC] PHP Warning:  Undefined variable $generatedText in C:\MAMP\htdocs\AI_BOT\test.php on line 315
[31-May-2023 15:01:18 UTC] PHP Warning:  Undefined array key 1 in C:\MAMP\htdocs\AI_BOT\test.php on line 35
[31-May-2023 15:01:18 UTC] PHP Warning:  Undefined variable $generatedText in C:\MAMP\htdocs\AI_BOT\test.php on line 313
[31-May-2023 15:01:18 UTC] PHP Warning:  Undefined variable $generatedText in C:\MAMP\htdocs\AI_BOT\test.php on line 315
[31-May-2023 15:01:19 UTC] PHP Warning:  Undefined array key 1 in C:\MAMP\htdocs\AI_BOT\test.php on line 35
[31-May-2023 15:01:19 UTC] PHP Warning:  Undefined variable $generatedText in C:\MAMP\htdocs\AI_BOT\test.php on line 313
[31-May-2023 15:01:19 UTC] PHP Warning:  Undefined variable $generatedText in C:\MAMP\htdocs\AI_BOT\test.php on line 315
[31-May-2023 15:01:23 UTC] PHP Warning:  Undefined array key 1 in C:\MAMP\htdocs\AI_BOT\test.php on line 35
[31-May-2023 15:01:23 UTC] PHP Warning:  Undefined variable $generatedText in C:\MAMP\htdocs\AI_BOT\test.php on line 313
[31-May-2023 15:01:23 UTC] PHP Warning:  Undefined variable $generatedText in C:\MAMP\htdocs\AI_BOT\test.php on line 315
[31-May-2023 15:01:40 UTC] PHP Warning:  Undefined array key 1 in C:\MAMP\htdocs\AI_BOT\test.php on line 35
[31-May-2023 15:01:40 UTC] PHP Warning:  Undefined variable $generatedText in C:\MAMP\htdocs\AI_BOT\test.php on line 313
[31-May-2023 15:01:40 UTC] PHP Warning:  Undefined variable $generatedText in C:\MAMP\htdocs\AI_BOT\test.php on line 315
[31-May-2023 15:02:13 UTC] PHP Warning:  Undefined array key 1 in C:\MAMP\htdocs\AI_BOT\test.php on line 35
[31-May-2023 15:02:13 UTC] PHP Warning:  Undefined variable $generatedText in C:\MAMP\htdocs\AI_BOT\test.php on line 313
[31-May-2023 15:02:13 UTC] PHP Warning:  Undefined variable $generatedText in C:\MAMP\htdocs\AI_BOT\test.php on line 315
[31-May-2023 15:04:27 UTC] PHP Warning:  Undefined array key 1 in C:\MAMP\htdocs\AI_BOT\test.php on line 35
[31-May-2023 15:04:27 UTC] PHP Warning:  Undefined variable $generatedText in C:\MAMP\htdocs\AI_BOT\test.php on line 313
[31-May-2023 15:04:27 UTC] PHP Warning:  Undefined variable $generatedText in C:\MAMP\htdocs\AI_BOT\test.php on line 315
[31-May-2023 15:07:14 UTC] PHP Warning:  Undefined array key 1 in C:\MAMP\htdocs\AI_BOT\test.php on line 35
[31-May-2023 15:07:14 UTC] PHP Warning:  Undefined variable $generatedText in C:\MAMP\htdocs\AI_BOT\test.php on line 315
[31-May-2023 15:07:14 UTC] PHP Warning:  Undefined variable $generatedText in C:\MAMP\htdocs\AI_BOT\test.php on line 317
[31-May-2023 15:10:51 UTC] PHP Warning:  Undefined array key 1 in C:\MAMP\htdocs\AI_BOT\test.php on line 35
[31-May-2023 15:10:51 UTC] PHP Warning:  Undefined variable $generatedText in C:\MAMP\htdocs\AI_BOT\test.php on line 330
[31-May-2023 15:10:51 UTC] PHP Warning:  Undefined variable $generatedText in C:\MAMP\htdocs\AI_BOT\test.php on line 332
[31-May-2023 15:11:13 UTC] PHP Warning:  Undefined array key 1 in C:\MAMP\htdocs\AI_BOT\test.php on line 35
[31-May-2023 15:11:13 UTC] PHP Warning:  Undefined variable $generatedText in C:\MAMP\htdocs\AI_BOT\test.php on line 330
[31-May-2023 15:11:13 UTC] PHP Warning:  Undefined variable $generatedText in C:\MAMP\htdocs\AI_BOT\test.php on line 332
[31-May-2023 15:11:35 UTC] PHP Warning:  Undefined array key 1 in C:\MAMP\htdocs\AI_BOT\test.php on line 35
[31-May-2023 15:11:35 UTC] PHP Warning:  Undefined variable $generatedText in C:\MAMP\htdocs\AI_BOT\test.php on line 330
[31-May-2023 15:11:35 UTC] PHP Warning:  Undefined variable $generatedText in C:\MAMP\htdocs\AI_BOT\test.php on line 332
[31-May-2023 15:12:11 UTC] PHP Warning:  Undefined array key 1 in C:\MAMP\htdocs\AI_BOT\test.php on line 35
[31-May-2023 15:12:11 UTC] PHP Warning:  Undefined variable $generatedText in C:\MAMP\htdocs\AI_BOT\test.php on line 330
[31-May-2023 15:12:11 UTC] PHP Warning:  Undefined variable $generatedText in C:\MAMP\htdocs\AI_BOT\test.php on line 332
[31-May-2023 15:13:55 UTC] PHP Warning:  Undefined array key 1 in C:\MAMP\htdocs\AI_BOT\test.php on line 35
[31-May-2023 15:13:55 UTC] PHP Warning:  Undefined variable $generatedText in C:\MAMP\htdocs\AI_BOT\test.php on line 338
[31-May-2023 15:13:55 UTC] PHP Warning:  Undefined variable $generatedText in C:\MAMP\htdocs\AI_BOT\test.php on line 340
[31-May-2023 15:14:18 UTC] PHP Warning:  Undefined array key 1 in C:\MAMP\htdocs\AI_BOT\test.php on line 35
[31-May-2023 15:14:18 UTC] PHP Warning:  Undefined variable $generatedText in C:\MAMP\htdocs\AI_BOT\test.php on line 338
[31-May-2023 15:14:18 UTC] PHP Warning:  Undefined variable $generatedText in C:\MAMP\htdocs\AI_BOT\test.php on line 340
[31-May-2023 15:17:10 UTC] PHP Warning:  Undefined array key 1 in C:\MAMP\htdocs\AI_BOT\test.php on line 35
[31-May-2023 15:17:10 UTC] PHP Warning:  Undefined variable $generatedText in C:\MAMP\htdocs\AI_BOT\test.php on line 339
[31-May-2023 15:17:10 UTC] PHP Warning:  Undefined variable $generatedText in C:\MAMP\htdocs\AI_BOT\test.php on line 341
[31-May-2023 15:17:31 UTC] PHP Warning:  Undefined array key 1 in C:\MAMP\htdocs\AI_BOT\test.php on line 35
[31-May-2023 15:17:31 UTC] PHP Warning:  Undefined variable $generatedText in C:\MAMP\htdocs\AI_BOT\test.php on line 340
[31-May-2023 15:17:31 UTC] PHP Warning:  Undefined variable $generatedText in C:\MAMP\htdocs\AI_BOT\test.php on line 342
[31-May-2023 15:18:06 UTC] PHP Warning:  Undefined array key 1 in C:\MAMP\htdocs\AI_BOT\test.php on line 35
[31-May-2023 15:18:06 UTC] PHP Warning:  Undefined variable $generatedText in C:\MAMP\htdocs\AI_BOT\test.php on line 340
[31-May-2023 15:18:06 UTC] PHP Warning:  Undefined variable $generatedText in C:\MAMP\htdocs\AI_BOT\test.php on line 342
[31-May-2023 15:19:12 UTC] PHP Warning:  Undefined array key 1 in C:\MAMP\htdocs\AI_BOT\test.php on line 35
[31-May-2023 15:19:12 UTC] PHP Warning:  Undefined variable $generatedText in C:\MAMP\htdocs\AI_BOT\test.php on line 340
[31-May-2023 15:19:12 UTC] PHP Warning:  Undefined variable $generatedText in C:\MAMP\htdocs\AI_BOT\test.php on line 342
[31-May-2023 15:19:45 UTC] PHP Warning:  Undefined array key 1 in C:\MAMP\htdocs\AI_BOT\test.php on line 35
[31-May-2023 15:19:45 UTC] PHP Warning:  Undefined variable $generatedText in C:\MAMP\htdocs\AI_BOT\test.php on line 340
[31-May-2023 15:19:45 UTC] PHP Warning:  Undefined variable $generatedText in C:\MAMP\htdocs\AI_BOT\test.php on line 342
[31-May-2023 15:20:26 UTC] PHP Warning:  Undefined array key 1 in C:\MAMP\htdocs\AI_BOT\test.php on line 35
[31-May-2023 15:20:26 UTC] PHP Warning:  Undefined variable $generatedText in C:\MAMP\htdocs\AI_BOT\test.php on line 348
[31-May-2023 15:20:26 UTC] PHP Warning:  Undefined variable $generatedText in C:\MAMP\htdocs\AI_BOT\test.php on line 350
[31-May-2023 15:23:09 UTC] PHP Warning:  Undefined array key 1 in C:\MAMP\htdocs\AI_BOT\test.php on line 35
[31-May-2023 15:23:09 UTC] PHP Warning:  Undefined variable $generatedText in C:\MAMP\htdocs\AI_BOT\test.php on line 358
[31-May-2023 15:23:09 UTC] PHP Warning:  Undefined variable $generatedText in C:\MAMP\htdocs\AI_BOT\test.php on line 360
[31-May-2023 15:23:23 UTC] PHP Warning:  Undefined array key 1 in C:\MAMP\htdocs\AI_BOT\test.php on line 35
[31-May-2023 15:23:23 UTC] PHP Warning:  Undefined variable $generatedText in C:\MAMP\htdocs\AI_BOT\test.php on line 358
[31-May-2023 15:23:23 UTC] PHP Warning:  Undefined variable $generatedText in C:\MAMP\htdocs\AI_BOT\test.php on line 360
[31-May-2023 15:25:07 UTC] PHP Warning:  Undefined array key 1 in C:\MAMP\htdocs\AI_BOT\test.php on line 35
[31-May-2023 15:25:07 UTC] PHP Warning:  Undefined variable $generatedText in C:\MAMP\htdocs\AI_BOT\test.php on line 368
[31-May-2023 15:25:07 UTC] PHP Warning:  Undefined variable $generatedText in C:\MAMP\htdocs\AI_BOT\test.php on line 370
[31-May-2023 15:25:11 UTC] PHP Warning:  Undefined array key 1 in C:\MAMP\htdocs\AI_BOT\test.php on line 35
[31-May-2023 15:25:11 UTC] PHP Warning:  Undefined variable $generatedText in C:\MAMP\htdocs\AI_BOT\test.php on line 368
[31-May-2023 15:25:11 UTC] PHP Warning:  Undefined variable $generatedText in C:\MAMP\htdocs\AI_BOT\test.php on line 370
[31-May-2023 15:32:46 UTC] PHP Warning:  Undefined array key 1 in C:\MAMP\htdocs\AI_BOT\test.php on line 35
[31-May-2023 15:32:46 UTC] PHP Warning:  Undefined variable $generatedText in C:\MAMP\htdocs\AI_BOT\test.php on line 372
[31-May-2023 15:32:46 UTC] PHP Warning:  Undefined variable $generatedText in C:\MAMP\htdocs\AI_BOT\test.php on line 374
[31-May-2023 15:33:59 UTC] PHP Warning:  Undefined array key 1 in C:\MAMP\htdocs\AI_BOT\test.php on line 35
[31-May-2023 15:33:59 UTC] PHP Warning:  Undefined variable $generatedText in C:\MAMP\htdocs\AI_BOT\test.php on line 372
[31-May-2023 15:33:59 UTC] PHP Warning:  Undefined variable $generatedText in C:\MAMP\htdocs\AI_BOT\test.php on line 374
[31-May-2023 15:36:09 UTC] PHP Warning:  Undefined array key 1 in C:\MAMP\htdocs\AI_BOT\test.php on line 35
[31-May-2023 15:36:09 UTC] PHP Warning:  Undefined variable $generatedText in C:\MAMP\htdocs\AI_BOT\test.php on line 375
[31-May-2023 15:36:09 UTC] PHP Warning:  Undefined variable $generatedText in C:\MAMP\htdocs\AI_BOT\test.php on line 377
[31-May-2023 15:36:14 UTC] PHP Warning:  Undefined array key 1 in C:\MAMP\htdocs\AI_BOT\test.php on line 35
[31-May-2023 15:36:14 UTC] PHP Warning:  Undefined variable $generatedText in C:\MAMP\htdocs\AI_BOT\test.php on line 375
[31-May-2023 15:36:14 UTC] PHP Warning:  Undefined variable $generatedText in C:\MAMP\htdocs\AI_BOT\test.php on line 377
[31-May-2023 15:36:20 UTC] PHP Warning:  Undefined array key 1 in C:\MAMP\htdocs\AI_BOT\test.php on line 35
[31-May-2023 15:36:20 UTC] PHP Warning:  Undefined variable $generatedText in C:\MAMP\htdocs\AI_BOT\test.php on line 375
[31-May-2023 15:36:20 UTC] PHP Warning:  Undefined variable $generatedText in C:\MAMP\htdocs\AI_BOT\test.php on line 377
[31-May-2023 15:36:25 UTC] PHP Warning:  Undefined array key 1 in C:\MAMP\htdocs\AI_BOT\test.php on line 35
[31-May-2023 15:36:25 UTC] PHP Warning:  Undefined variable $generatedText in C:\MAMP\htdocs\AI_BOT\test.php on line 375
[31-May-2023 15:36:25 UTC] PHP Warning:  Undefined variable $generatedText in C:\MAMP\htdocs\AI_BOT\test.php on line 377
[31-May-2023 15:36:49 UTC] PHP Warning:  Undefined array key 1 in C:\MAMP\htdocs\AI_BOT\test.php on line 35
[31-May-2023 15:36:49 UTC] PHP Warning:  Undefined variable $generatedText in C:\MAMP\htdocs\AI_BOT\test.php on line 375
[31-May-2023 15:36:49 UTC] PHP Warning:  Undefined variable $generatedText in C:\MAMP\htdocs\AI_BOT\test.php on line 377
[31-May-2023 15:37:21 UTC] PHP Warning:  Undefined array key 1 in C:\MAMP\htdocs\AI_BOT\test.php on line 35
[31-May-2023 15:37:21 UTC] PHP Warning:  Undefined variable $generatedText in C:\MAMP\htdocs\AI_BOT\test.php on line 375
[31-May-2023 15:37:21 UTC] PHP Warning:  Undefined variable $generatedText in C:\MAMP\htdocs\AI_BOT\test.php on line 377
[31-May-2023 15:37:38 UTC] PHP Warning:  Undefined array key 1 in C:\MAMP\htdocs\AI_BOT\test.php on line 35
[31-May-2023 15:37:38 UTC] PHP Warning:  Undefined variable $generatedText in C:\MAMP\htdocs\AI_BOT\test.php on line 375
[31-May-2023 15:37:38 UTC] PHP Warning:  Undefined variable $generatedText in C:\MAMP\htdocs\AI_BOT\test.php on line 377
[31-May-2023 15:37:46 UTC] PHP Warning:  Undefined array key 1 in C:\MAMP\htdocs\AI_BOT\test.php on line 35
[31-May-2023 15:37:46 UTC] PHP Warning:  Undefined variable $generatedText in C:\MAMP\htdocs\AI_BOT\test.php on line 375
[31-May-2023 15:37:46 UTC] PHP Warning:  Undefined variable $generatedText in C:\MAMP\htdocs\AI_BOT\test.php on line 377
[31-May-2023 15:37:57 UTC] PHP Warning:  Undefined array key 1 in C:\MAMP\htdocs\AI_BOT\test.php on line 35
[31-May-2023 15:37:57 UTC] PHP Warning:  Undefined variable $generatedText in C:\MAMP\htdocs\AI_BOT\test.php on line 375
[31-May-2023 15:37:57 UTC] PHP Warning:  Undefined variable $generatedText in C:\MAMP\htdocs\AI_BOT\test.php on line 377
[31-May-2023 15:38:46 UTC] PHP Warning:  Undefined array key 1 in C:\MAMP\htdocs\AI_BOT\test.php on line 35
[31-May-2023 15:38:46 UTC] PHP Warning:  Undefined variable $generatedText in C:\MAMP\htdocs\AI_BOT\test.php on line 380
[31-May-2023 15:38:46 UTC] PHP Warning:  Undefined variable $generatedText in C:\MAMP\htdocs\AI_BOT\test.php on line 382
[31-May-2023 15:39:00 UTC] PHP Warning:  Undefined array key 1 in C:\MAMP\htdocs\AI_BOT\test.php on line 35
[31-May-2023 15:39:00 UTC] PHP Warning:  Undefined variable $generatedText in C:\MAMP\htdocs\AI_BOT\test.php on line 380
[31-May-2023 15:39:00 UTC] PHP Warning:  Undefined variable $generatedText in C:\MAMP\htdocs\AI_BOT\test.php on line 382
[31-May-2023 15:39:48 UTC] PHP Warning:  Undefined array key 1 in C:\MAMP\htdocs\AI_BOT\test.php on line 35
[31-May-2023 15:39:48 UTC] PHP Warning:  Undefined variable $generatedText in C:\MAMP\htdocs\AI_BOT\test.php on line 382
[31-May-2023 15:39:48 UTC] PHP Warning:  Undefined variable $generatedText in C:\MAMP\htdocs\AI_BOT\test.php on line 384
[31-May-2023 15:39:55 UTC] PHP Warning:  Undefined array key 1 in C:\MAMP\htdocs\AI_BOT\test.php on line 35
[31-May-2023 15:39:55 UTC] PHP Warning:  Undefined variable $generatedText in C:\MAMP\htdocs\AI_BOT\test.php on line 382
[31-May-2023 15:39:55 UTC] PHP Warning:  Undefined variable $generatedText in C:\MAMP\htdocs\AI_BOT\test.php on line 384
[31-May-2023 15:40:02 UTC] PHP Warning:  Undefined array key 1 in C:\MAMP\htdocs\AI_BOT\test.php on line 35
[31-May-2023 15:40:02 UTC] PHP Warning:  Undefined variable $generatedText in C:\MAMP\htdocs\AI_BOT\test.php on line 382
[31-May-2023 15:40:02 UTC] PHP Warning:  Undefined variable $generatedText in C:\MAMP\htdocs\AI_BOT\test.php on line 384
[31-May-2023 15:40:10 UTC] PHP Warning:  Undefined array key 1 in C:\MAMP\htdocs\AI_BOT\test.php on line 35
[31-May-2023 15:40:10 UTC] PHP Warning:  Undefined variable $generatedText in C:\MAMP\htdocs\AI_BOT\test.php on line 382
[31-May-2023 15:40:10 UTC] PHP Warning:  Undefined variable $generatedText in C:\MAMP\htdocs\AI_BOT\test.php on line 384
[31-May-2023 15:40:14 UTC] PHP Warning:  Undefined array key 1 in C:\MAMP\htdocs\AI_BOT\test.php on line 35
[31-May-2023 15:40:14 UTC] PHP Warning:  Undefined variable $generatedText in C:\MAMP\htdocs\AI_BOT\test.php on line 382
[31-May-2023 15:40:14 UTC] PHP Warning:  Undefined variable $generatedText in C:\MAMP\htdocs\AI_BOT\test.php on line 384
[31-May-2023 15:40:24 UTC] PHP Warning:  Undefined array key 1 in C:\MAMP\htdocs\AI_BOT\test.php on line 35
[31-May-2023 15:40:24 UTC] PHP Warning:  Undefined variable $generatedText in C:\MAMP\htdocs\AI_BOT\test.php on line 382
[31-May-2023 15:40:24 UTC] PHP Warning:  Undefined variable $generatedText in C:\MAMP\htdocs\AI_BOT\test.php on line 384
[31-May-2023 15:40:32 UTC] PHP Warning:  Undefined array key 1 in C:\MAMP\htdocs\AI_BOT\test.php on line 35
[31-May-2023 15:40:32 UTC] PHP Warning:  Undefined variable $generatedText in C:\MAMP\htdocs\AI_BOT\test.php on line 382
[31-May-2023 15:40:32 UTC] PHP Warning:  Undefined variable $generatedText in C:\MAMP\htdocs\AI_BOT\test.php on line 384
[31-May-2023 15:42:49 UTC] PHP Warning:  Undefined array key 1 in C:\MAMP\htdocs\AI_BOT\test.php on line 35
[31-May-2023 15:42:49 UTC] PHP Warning:  Undefined array key 1 in C:\MAMP\htdocs\AI_BOT\test.php on line 35
[31-May-2023 15:42:49 UTC] PHP Warning:  Undefined variable $generatedText in C:\MAMP\htdocs\AI_BOT\test.php on line 387
[31-May-2023 15:42:49 UTC] PHP Warning:  Undefined variable $generatedText in C:\MAMP\htdocs\AI_BOT\test.php on line 389
[31-May-2023 15:45:43 UTC] PHP Warning:  Undefined array key 1 in C:\MAMP\htdocs\AI_BOT\test.php on line 35
[31-May-2023 15:45:43 UTC] PHP Warning:  Undefined array key 1 in C:\MAMP\htdocs\AI_BOT\test.php on line 35
[31-May-2023 15:45:43 UTC] PHP Warning:  Undefined variable $generatedText in C:\MAMP\htdocs\AI_BOT\test.php on line 392
[31-May-2023 15:45:43 UTC] PHP Warning:  Undefined variable $generatedText in C:\MAMP\htdocs\AI_BOT\test.php on line 394
[31-May-2023 15:46:13 UTC] PHP Warning:  Undefined array key 1 in C:\MAMP\htdocs\AI_BOT\test.php on line 35
[31-May-2023 15:46:13 UTC] PHP Warning:  Undefined array key 1 in C:\MAMP\htdocs\AI_BOT\test.php on line 35
[31-May-2023 15:46:13 UTC] PHP Warning:  Undefined variable $generatedText in C:\MAMP\htdocs\AI_BOT\test.php on line 392
[31-May-2023 15:46:13 UTC] PHP Warning:  Undefined variable $generatedText in C:\MAMP\htdocs\AI_BOT\test.php on line 394
[31-May-2023 15:46:51 UTC] PHP Warning:  Undefined array key 1 in C:\MAMP\htdocs\AI_BOT\test.php on line 35
[31-May-2023 15:46:51 UTC] PHP Warning:  Undefined array key 1 in C:\MAMP\htdocs\AI_BOT\test.php on line 35
[31-May-2023 15:46:51 UTC] PHP Warning:  Undefined variable $generatedText in C:\MAMP\htdocs\AI_BOT\test.php on line 392
[31-May-2023 15:46:51 UTC] PHP Warning:  Undefined variable $generatedText in C:\MAMP\htdocs\AI_BOT\test.php on line 394
[31-May-2023 15:54:04 UTC] PHP Warning:  Undefined array key 1 in C:\MAMP\htdocs\AI_BOT\test.php on line 35
[31-May-2023 15:54:04 UTC] PHP Warning:  Undefined array key 1 in C:\MAMP\htdocs\AI_BOT\test.php on line 35
[31-May-2023 15:54:04 UTC] PHP Warning:  Undefined variable $generatedText in C:\MAMP\htdocs\AI_BOT\test.php on line 392
[31-May-2023 15:54:04 UTC] PHP Warning:  Undefined variable $generatedText in C:\MAMP\htdocs\AI_BOT\test.php on line 394
[31-May-2023 15:54:39 UTC] PHP Warning:  Undefined array key 1 in C:\MAMP\htdocs\AI_BOT\test.php on line 35
[31-May-2023 15:54:39 UTC] PHP Warning:  Undefined array key 1 in C:\MAMP\htdocs\AI_BOT\test.php on line 35
[31-May-2023 15:54:39 UTC] PHP Warning:  Undefined variable $generatedText in C:\MAMP\htdocs\AI_BOT\test.php on line 392
[31-May-2023 15:54:39 UTC] PHP Warning:  Undefined variable $generatedText in C:\MAMP\htdocs\AI_BOT\test.php on line 394
